[1.651s] DEBUG:colcon:Command line arguments: ['/usr/bin/colcon', 'build']
[1.651s] DEBUG:colcon:Parsed command line arguments: Namespace(ament_cmake_args=None, base_paths=['.'], build_base='build', catkin_cmake_args=None, catkin_skip_building_tests=False, cmake_args=None, cmake_clean_cache=False, cmake_clean_first=False, cmake_force_configure=False, cmake_target=None, cmake_target_skip_unavailable=False, continue_on_error=False, event_handlers=None, executor='parallel', ignore_user_meta=False, install_base='install', log_base=None, log_level=None, main=<bound method BuildVerb.main of <colcon_core.verb.build.BuildVerb object at 0x7f9c1495f8>>, merge_install=False, metas=['./colcon.meta'], packages_above=None, packages_above_and_dependencies=None, packages_above_depth=None, packages_end=None, packages_ignore=None, packages_ignore_regex=None, packages_select=None, packages_select_build_failed=False, packages_select_by_dep=None, packages_select_regex=None, packages_select_test_failures=False, packages_skip=None, packages_skip_build_finished=False, packages_skip_by_dep=None, packages_skip_regex=None, packages_skip_test_passed=False, packages_skip_up_to=None, packages_start=None, packages_up_to=None, packages_up_to_regex=None, parallel_workers=4, paths=None, symlink_install=False, test_result_base=None, verb_extension=<colcon_core.verb.build.BuildVerb object at 0x7f9c1495f8>, verb_name='build', verb_parser=<colcon_defaults.argument_parser.defaults.DefaultArgumentsDecorator object at 0x7f9c149940>)
[1.678s] Level 1:colcon.colcon_core.package_discovery:discover_packages(colcon_meta) check parameters
[1.679s] Level 1:colcon.colcon_core.package_discovery:discover_packages(recursive) check parameters
[1.679s] Level 1:colcon.colcon_core.package_discovery:discover_packages(ignore) check parameters
[1.679s] Level 1:colcon.colcon_core.package_discovery:discover_packages(path) check parameters
[1.679s] Level 1:colcon.colcon_core.package_discovery:discover_packages(colcon_meta) discover
[1.681s] Level 1:colcon.colcon_core.package_discovery:discover_packages(recursive) discover
[1.681s] INFO:colcon.colcon_core.package_discovery:Crawling recursively for packages in '/home/oss/b1018262/ROS/ros2-on-wasmer'
[1.681s] Level 1:colcon.colcon_core.package_identification:_identify(.) by extensions ['ignore', 'ignore_ament_install']
[1.682s] Level 1:colcon.colcon_core.package_identification:_identify(.) by extension 'ignore'
[1.682s] Level 1:colcon.colcon_core.package_identification:_identify(.) by extension 'ignore_ament_install'
[1.683s] Level 1:colcon.colcon_core.package_identification:_identify(.) by extensions ['colcon_pkg']
[1.683s] Level 1:colcon.colcon_core.package_identification:_identify(.) by extension 'colcon_pkg'
[1.683s] Level 1:colcon.colcon_core.package_identification:_identify(.) by extensions ['colcon_meta']
[1.683s] Level 1:colcon.colcon_core.package_identification:_identify(.) by extension 'colcon_meta'
[1.684s] Level 1:colcon.colcon_core.package_identification:_identify(.) by extensions ['ros']
[1.684s] Level 1:colcon.colcon_core.package_identification:_identify(.) by extension 'ros'
[1.740s] Level 1:colcon.colcon_core.package_identification:_identify(.) by extensions ['cmake', 'python']
[1.741s] Level 1:colcon.colcon_core.package_identification:_identify(.) by extension 'cmake'
[1.741s] Level 1:colcon.colcon_core.package_identification:_identify(.) by extension 'python'
[1.741s] Level 1:colcon.colcon_core.package_identification:_identify(.) by extensions ['python_setup_py']
[1.741s] Level 1:colcon.colcon_core.package_identification:_identify(.) by extension 'python_setup_py'
[1.742s] Level 1:colcon.colcon_core.package_identification:_identify(build) by extensions ['ignore', 'ignore_ament_install']
[1.742s] Level 1:colcon.colcon_core.package_identification:_identify(build) by extension 'ignore'
[1.743s] Level 1:colcon.colcon_core.package_identification:_identify(build) ignored
[1.745s] Level 1:colcon.colcon_core.package_identification:_identify(dev_ws) by extensions ['ignore', 'ignore_ament_install']
[1.745s] Level 1:colcon.colcon_core.package_identification:_identify(dev_ws) by extension 'ignore'
[1.745s] Level 1:colcon.colcon_core.package_identification:_identify(dev_ws) by extension 'ignore_ament_install'
[1.746s] Level 1:colcon.colcon_core.package_identification:_identify(dev_ws) by extensions ['colcon_pkg']
[1.746s] Level 1:colcon.colcon_core.package_identification:_identify(dev_ws) by extension 'colcon_pkg'
[1.746s] Level 1:colcon.colcon_core.package_identification:_identify(dev_ws) by extensions ['colcon_meta']
[1.746s] Level 1:colcon.colcon_core.package_identification:_identify(dev_ws) by extension 'colcon_meta'
[1.747s] Level 1:colcon.colcon_core.package_identification:_identify(dev_ws) by extensions ['ros']
[1.747s] Level 1:colcon.colcon_core.package_identification:_identify(dev_ws) by extension 'ros'
[1.747s] Level 1:colcon.colcon_core.package_identification:_identify(dev_ws) by extensions ['cmake', 'python']
[1.747s] Level 1:colcon.colcon_core.package_identification:_identify(dev_ws) by extension 'cmake'
[1.748s] Level 1:colcon.colcon_core.package_identification:_identify(dev_ws) by extension 'python'
[1.748s] Level 1:colcon.colcon_core.package_identification:_identify(dev_ws) by extensions ['python_setup_py']
[1.748s] Level 1:colcon.colcon_core.package_identification:_identify(dev_ws) by extension 'python_setup_py'
[1.749s] Level 1:colcon.colcon_core.package_identification:_identify(dev_ws/build) by extensions ['ignore', 'ignore_ament_install']
[1.749s] Level 1:colcon.colcon_core.package_identification:_identify(dev_ws/build) by extension 'ignore'
[1.749s] Level 1:colcon.colcon_core.package_identification:_identify(dev_ws/build) ignored
[1.750s] Level 1:colcon.colcon_core.package_identification:_identify(dev_ws/install) by extensions ['ignore', 'ignore_ament_install']
[1.750s] Level 1:colcon.colcon_core.package_identification:_identify(dev_ws/install) by extension 'ignore'
[1.750s] Level 1:colcon.colcon_core.package_identification:_identify(dev_ws/install) ignored
[1.751s] Level 1:colcon.colcon_core.package_identification:_identify(dev_ws/log) by extensions ['ignore', 'ignore_ament_install']
[1.752s] Level 1:colcon.colcon_core.package_identification:_identify(dev_ws/log) by extension 'ignore'
[1.752s] Level 1:colcon.colcon_core.package_identification:_identify(dev_ws/log) ignored
[1.752s] Level 1:colcon.colcon_core.package_identification:_identify(dev_ws/src) by extensions ['ignore', 'ignore_ament_install']
[1.753s] Level 1:colcon.colcon_core.package_identification:_identify(dev_ws/src) by extension 'ignore'
[1.753s] Level 1:colcon.colcon_core.package_identification:_identify(dev_ws/src) by extension 'ignore_ament_install'
[1.753s] Level 1:colcon.colcon_core.package_identification:_identify(dev_ws/src) by extensions ['colcon_pkg']
[1.753s] Level 1:colcon.colcon_core.package_identification:_identify(dev_ws/src) by extension 'colcon_pkg'
[1.754s] Level 1:colcon.colcon_core.package_identification:_identify(dev_ws/src) by extensions ['colcon_meta']
[1.754s] Level 1:colcon.colcon_core.package_identification:_identify(dev_ws/src) by extension 'colcon_meta'
[1.754s] Level 1:colcon.colcon_core.package_identification:_identify(dev_ws/src) by extensions ['ros']
[1.754s] Level 1:colcon.colcon_core.package_identification:_identify(dev_ws/src) by extension 'ros'
[1.755s] Level 1:colcon.colcon_core.package_identification:_identify(dev_ws/src) by extensions ['cmake', 'python']
[1.755s] Level 1:colcon.colcon_core.package_identification:_identify(dev_ws/src) by extension 'cmake'
[1.755s] Level 1:colcon.colcon_core.package_identification:_identify(dev_ws/src) by extension 'python'
[1.756s] Level 1:colcon.colcon_core.package_identification:_identify(dev_ws/src) by extensions ['python_setup_py']
[1.756s] Level 1:colcon.colcon_core.package_identification:_identify(dev_ws/src) by extension 'python_setup_py'
[1.756s] Level 1:colcon.colcon_core.package_identification:_identify(dev_ws/src/build) by extensions ['ignore', 'ignore_ament_install']
[1.757s] Level 1:colcon.colcon_core.package_identification:_identify(dev_ws/src/build) by extension 'ignore'
[1.757s] Level 1:colcon.colcon_core.package_identification:_identify(dev_ws/src/build) ignored
[1.757s] Level 1:colcon.colcon_core.package_identification:_identify(dev_ws/src/install) by extensions ['ignore', 'ignore_ament_install']
[1.758s] Level 1:colcon.colcon_core.package_identification:_identify(dev_ws/src/install) by extension 'ignore'
[1.758s] Level 1:colcon.colcon_core.package_identification:_identify(dev_ws/src/install) ignored
[1.759s] Level 1:colcon.colcon_core.package_identification:_identify(dev_ws/src/lib) by extensions ['ignore', 'ignore_ament_install']
[1.759s] Level 1:colcon.colcon_core.package_identification:_identify(dev_ws/src/lib) by extension 'ignore'
[1.759s] Level 1:colcon.colcon_core.package_identification:_identify(dev_ws/src/lib) by extension 'ignore_ament_install'
[1.760s] Level 1:colcon.colcon_core.package_identification:_identify(dev_ws/src/lib) by extensions ['colcon_pkg']
[1.760s] Level 1:colcon.colcon_core.package_identification:_identify(dev_ws/src/lib) by extension 'colcon_pkg'
[1.760s] Level 1:colcon.colcon_core.package_identification:_identify(dev_ws/src/lib) by extensions ['colcon_meta']
[1.760s] Level 1:colcon.colcon_core.package_identification:_identify(dev_ws/src/lib) by extension 'colcon_meta'
[1.761s] Level 1:colcon.colcon_core.package_identification:_identify(dev_ws/src/lib) by extensions ['ros']
[1.761s] Level 1:colcon.colcon_core.package_identification:_identify(dev_ws/src/lib) by extension 'ros'
[1.761s] Level 1:colcon.colcon_core.package_identification:_identify(dev_ws/src/lib) by extensions ['cmake', 'python']
[1.761s] Level 1:colcon.colcon_core.package_identification:_identify(dev_ws/src/lib) by extension 'cmake'
[1.762s] Level 1:colcon.colcon_core.package_identification:_identify(dev_ws/src/lib) by extension 'python'
[1.762s] Level 1:colcon.colcon_core.package_identification:_identify(dev_ws/src/lib) by extensions ['python_setup_py']
[1.762s] Level 1:colcon.colcon_core.package_identification:_identify(dev_ws/src/lib) by extension 'python_setup_py'
[1.763s] Level 1:colcon.colcon_core.package_identification:_identify(dev_ws/src/log) by extensions ['ignore', 'ignore_ament_install']
[1.763s] Level 1:colcon.colcon_core.package_identification:_identify(dev_ws/src/log) by extension 'ignore'
[1.763s] Level 1:colcon.colcon_core.package_identification:_identify(dev_ws/src/log) ignored
[1.764s] Level 1:colcon.colcon_core.package_identification:_identify(dev_ws/src/pubsub_wasm) by extensions ['ignore', 'ignore_ament_install']
[1.764s] Level 1:colcon.colcon_core.package_identification:_identify(dev_ws/src/pubsub_wasm) by extension 'ignore'
[1.765s] Level 1:colcon.colcon_core.package_identification:_identify(dev_ws/src/pubsub_wasm) by extension 'ignore_ament_install'
[1.765s] Level 1:colcon.colcon_core.package_identification:_identify(dev_ws/src/pubsub_wasm) by extensions ['colcon_pkg']
[1.765s] Level 1:colcon.colcon_core.package_identification:_identify(dev_ws/src/pubsub_wasm) by extension 'colcon_pkg'
[1.765s] Level 1:colcon.colcon_core.package_identification:_identify(dev_ws/src/pubsub_wasm) by extensions ['colcon_meta']
[1.765s] Level 1:colcon.colcon_core.package_identification:_identify(dev_ws/src/pubsub_wasm) by extension 'colcon_meta'
[1.766s] Level 1:colcon.colcon_core.package_identification:_identify(dev_ws/src/pubsub_wasm) by extensions ['ros']
[1.766s] Level 1:colcon.colcon_core.package_identification:_identify(dev_ws/src/pubsub_wasm) by extension 'ros'
[1.778s] DEBUG:colcon.colcon_core.package_identification:Package 'dev_ws/src/pubsub_wasm' with type 'ros.ament_cmake' and name 'pubsub_wasm'
[1.779s] Level 1:colcon.colcon_core.package_identification:_identify(install) by extensions ['ignore', 'ignore_ament_install']
[1.779s] Level 1:colcon.colcon_core.package_identification:_identify(install) by extension 'ignore'
[1.779s] Level 1:colcon.colcon_core.package_identification:_identify(install) ignored
[1.780s] Level 1:colcon.colcon_core.package_identification:_identify(lib) by extensions ['ignore', 'ignore_ament_install']
[1.780s] Level 1:colcon.colcon_core.package_identification:_identify(lib) by extension 'ignore'
[1.781s] Level 1:colcon.colcon_core.package_identification:_identify(lib) by extension 'ignore_ament_install'
[1.781s] Level 1:colcon.colcon_core.package_identification:_identify(lib) by extensions ['colcon_pkg']
[1.781s] Level 1:colcon.colcon_core.package_identification:_identify(lib) by extension 'colcon_pkg'
[1.781s] Level 1:colcon.colcon_core.package_identification:_identify(lib) by extensions ['colcon_meta']
[1.782s] Level 1:colcon.colcon_core.package_identification:_identify(lib) by extension 'colcon_meta'
[1.782s] Level 1:colcon.colcon_core.package_identification:_identify(lib) by extensions ['ros']
[1.782s] Level 1:colcon.colcon_core.package_identification:_identify(lib) by extension 'ros'
[1.782s] Level 1:colcon.colcon_core.package_identification:_identify(lib) by extensions ['cmake', 'python']
[1.783s] Level 1:colcon.colcon_core.package_identification:_identify(lib) by extension 'cmake'
[1.783s] Level 1:colcon.colcon_core.package_identification:_identify(lib) by extension 'python'
[1.783s] Level 1:colcon.colcon_core.package_identification:_identify(lib) by extensions ['python_setup_py']
[1.783s] Level 1:colcon.colcon_core.package_identification:_identify(lib) by extension 'python_setup_py'
[1.784s] Level 1:colcon.colcon_core.package_identification:_identify(lib/rust) by extensions ['ignore', 'ignore_ament_install']
[1.784s] Level 1:colcon.colcon_core.package_identification:_identify(lib/rust) by extension 'ignore'
[1.785s] Level 1:colcon.colcon_core.package_identification:_identify(lib/rust) by extension 'ignore_ament_install'
[1.785s] Level 1:colcon.colcon_core.package_identification:_identify(lib/rust) by extensions ['colcon_pkg']
[1.785s] Level 1:colcon.colcon_core.package_identification:_identify(lib/rust) by extension 'colcon_pkg'
[1.785s] Level 1:colcon.colcon_core.package_identification:_identify(lib/rust) by extensions ['colcon_meta']
[1.786s] Level 1:colcon.colcon_core.package_identification:_identify(lib/rust) by extension 'colcon_meta'
[1.786s] Level 1:colcon.colcon_core.package_identification:_identify(lib/rust) by extensions ['ros']
[1.786s] Level 1:colcon.colcon_core.package_identification:_identify(lib/rust) by extension 'ros'
[1.786s] Level 1:colcon.colcon_core.package_identification:_identify(lib/rust) by extensions ['cmake', 'python']
[1.787s] Level 1:colcon.colcon_core.package_identification:_identify(lib/rust) by extension 'cmake'
[1.787s] Level 1:colcon.colcon_core.package_identification:_identify(lib/rust) by extension 'python'
[1.787s] Level 1:colcon.colcon_core.package_identification:_identify(lib/rust) by extensions ['python_setup_py']
[1.787s] Level 1:colcon.colcon_core.package_identification:_identify(lib/rust) by extension 'python_setup_py'
[1.788s] Level 1:colcon.colcon_core.package_identification:_identify(log) by extensions ['ignore', 'ignore_ament_install']
[1.788s] Level 1:colcon.colcon_core.package_identification:_identify(log) by extension 'ignore'
[1.789s] Level 1:colcon.colcon_core.package_identification:_identify(log) ignored
[1.789s] Level 1:colcon.colcon_core.package_discovery:discover_packages(recursive) using defaults
[1.790s] Level 1:colcon.colcon_core.package_discovery:discover_packages(ignore) discover
[1.790s] Level 1:colcon.colcon_core.package_discovery:discover_packages(ignore) using defaults
[1.790s] Level 1:colcon.colcon_core.package_discovery:discover_packages(path) discover
[1.791s] Level 1:colcon.colcon_core.package_discovery:discover_packages(path) using defaults
[1.894s] Level 5:colcon.colcon_core.verb:set package 'pubsub_wasm' build argument 'cmake_args' from command line to 'None'
[1.894s] Level 5:colcon.colcon_core.verb:set package 'pubsub_wasm' build argument 'cmake_target' from command line to 'None'
[1.895s] Level 5:colcon.colcon_core.verb:set package 'pubsub_wasm' build argument 'cmake_target_skip_unavailable' from command line to 'False'
[1.895s] Level 5:colcon.colcon_core.verb:set package 'pubsub_wasm' build argument 'cmake_clean_cache' from command line to 'False'
[1.895s] Level 5:colcon.colcon_core.verb:set package 'pubsub_wasm' build argument 'cmake_clean_first' from command line to 'False'
[1.895s] Level 5:colcon.colcon_core.verb:set package 'pubsub_wasm' build argument 'cmake_force_configure' from command line to 'False'
[1.895s] Level 5:colcon.colcon_core.verb:set package 'pubsub_wasm' build argument 'ament_cmake_args' from command line to 'None'
[1.896s] Level 5:colcon.colcon_core.verb:set package 'pubsub_wasm' build argument 'catkin_cmake_args' from command line to 'None'
[1.896s] Level 5:colcon.colcon_core.verb:set package 'pubsub_wasm' build argument 'catkin_skip_building_tests' from command line to 'False'
[1.896s] DEBUG:colcon.colcon_core.verb:Building package 'pubsub_wasm' with the following arguments: {'ament_cmake_args': None, 'build_base': '/home/oss/b1018262/ROS/ros2-on-wasmer/build/pubsub_wasm', 'catkin_cmake_args': None, 'catkin_skip_building_tests': False, 'cmake_args': None, 'cmake_clean_cache': False, 'cmake_clean_first': False, 'cmake_force_configure': False, 'cmake_target': None, 'cmake_target_skip_unavailable': False, 'install_base': '/home/oss/b1018262/ROS/ros2-on-wasmer/install/pubsub_wasm', 'merge_install': False, 'path': '/home/oss/b1018262/ROS/ros2-on-wasmer/dev_ws/src/pubsub_wasm', 'symlink_install': False, 'test_result_base': None}
[1.898s] INFO:colcon.colcon_core.executor:Executing jobs using 'parallel' executor
[1.948s] DEBUG:colcon.colcon_parallel_executor.executor.parallel:run_until_complete
[1.949s] INFO:colcon.colcon_ros.task.ament_cmake.build:Building ROS package in '/home/oss/b1018262/ROS/ros2-on-wasmer/dev_ws/src/pubsub_wasm' with build type 'ament_cmake'
[1.949s] INFO:colcon.colcon_cmake.task.cmake.build:Building CMake package in '/home/oss/b1018262/ROS/ros2-on-wasmer/dev_ws/src/pubsub_wasm'
[1.969s] INFO:colcon.colcon_core.plugin_system:Skipping extension 'colcon_core.shell.bat': Not used on non-Windows systems
[1.970s] INFO:colcon.colcon_core.shell:Skip shell extension 'powershell' for command environment: Not usable outside of PowerShell
[1.970s] DEBUG:colcon.colcon_core.shell:Skip shell extension 'dsv' for command environment
[1.999s] DEBUG:colcon.colcon_core.shell:Ignoring prefix path '/opt/ros/dashing'
[2.035s] DEBUG:colcon.colcon_core.event_handler.log_command:Invoking command in '/home/oss/b1018262/ROS/ros2-on-wasmer/build/pubsub_wasm': CMAKE_PREFIX_PATH=${CMAKE_PREFIX_PATH}:/opt/ros/dashing /usr/bin/cmake --build /home/oss/b1018262/ROS/ros2-on-wasmer/build/pubsub_wasm -- -j4 -l4
[10.458s] DEBUG:colcon.colcon_core.event_handler.log_command:Invoked command in '/home/oss/b1018262/ROS/ros2-on-wasmer/build/pubsub_wasm' returned '0': CMAKE_PREFIX_PATH=${CMAKE_PREFIX_PATH}:/opt/ros/dashing /usr/bin/cmake --build /home/oss/b1018262/ROS/ros2-on-wasmer/build/pubsub_wasm -- -j4 -l4
[10.593s] DEBUG:colcon.colcon_core.event_handler.log_command:Invoking command in '/home/oss/b1018262/ROS/ros2-on-wasmer/build/pubsub_wasm': CMAKE_PREFIX_PATH=${CMAKE_PREFIX_PATH}:/opt/ros/dashing /usr/bin/cmake --build /home/oss/b1018262/ROS/ros2-on-wasmer/build/pubsub_wasm --target install -- -j4 -l4
[10.923s] Level 1:colcon.colcon_core.environment:create_environment_scripts_only(pubsub_wasm)
[10.928s] DEBUG:colcon.colcon_core.event_handler.log_command:Invoked command in '/home/oss/b1018262/ROS/ros2-on-wasmer/build/pubsub_wasm' returned '0': CMAKE_PREFIX_PATH=${CMAKE_PREFIX_PATH}:/opt/ros/dashing /usr/bin/cmake --build /home/oss/b1018262/ROS/ros2-on-wasmer/build/pubsub_wasm --target install -- -j4 -l4
[10.941s] Level 1:colcon.colcon_core.environment:checking '/home/oss/b1018262/ROS/ros2-on-wasmer/install/pubsub_wasm' for CMake module files
[10.944s] Level 1:colcon.colcon_core.environment:checking '/home/oss/b1018262/ROS/ros2-on-wasmer/install/pubsub_wasm' for CMake config files
[10.946s] Level 1:colcon.colcon_core.shell:create_environment_hook('pubsub_wasm', 'cmake_prefix_path')
[10.949s] INFO:colcon.colcon_core.shell:Creating environment hook '/home/oss/b1018262/ROS/ros2-on-wasmer/install/pubsub_wasm/share/pubsub_wasm/hook/cmake_prefix_path.ps1'
[10.952s] INFO:colcon.colcon_core.shell:Creating environment descriptor '/home/oss/b1018262/ROS/ros2-on-wasmer/install/pubsub_wasm/share/pubsub_wasm/hook/cmake_prefix_path.dsv'
[10.954s] INFO:colcon.colcon_core.shell:Creating environment hook '/home/oss/b1018262/ROS/ros2-on-wasmer/install/pubsub_wasm/share/pubsub_wasm/hook/cmake_prefix_path.sh'
[10.960s] Level 1:colcon.colcon_core.environment:checking '/home/oss/b1018262/ROS/ros2-on-wasmer/install/pubsub_wasm/lib'
[10.961s] Level 1:colcon.colcon_core.environment:checking '/home/oss/b1018262/ROS/ros2-on-wasmer/install/pubsub_wasm/bin'
[10.961s] Level 1:colcon.colcon_core.environment:checking '/home/oss/b1018262/ROS/ros2-on-wasmer/install/pubsub_wasm/lib/pkgconfig/pubsub_wasm.pc'
[10.961s] Level 1:colcon.colcon_core.environment:checking '/home/oss/b1018262/ROS/ros2-on-wasmer/install/pubsub_wasm/lib/python3.6/site-packages'
[10.965s] INFO:colcon.colcon_core.shell:Creating package script '/home/oss/b1018262/ROS/ros2-on-wasmer/install/pubsub_wasm/share/pubsub_wasm/package.ps1'
[10.970s] INFO:colcon.colcon_core.shell:Creating package descriptor '/home/oss/b1018262/ROS/ros2-on-wasmer/install/pubsub_wasm/share/pubsub_wasm/package.dsv'
[10.973s] INFO:colcon.colcon_core.shell:Creating package script '/home/oss/b1018262/ROS/ros2-on-wasmer/install/pubsub_wasm/share/pubsub_wasm/package.sh'
[10.977s] INFO:colcon.colcon_core.shell:Creating package script '/home/oss/b1018262/ROS/ros2-on-wasmer/install/pubsub_wasm/share/pubsub_wasm/package.bash'
[10.985s] INFO:colcon.colcon_core.shell:Creating package script '/home/oss/b1018262/ROS/ros2-on-wasmer/install/pubsub_wasm/share/pubsub_wasm/package.zsh'
[10.991s] Level 1:colcon.colcon_core.environment:create_file_with_runtime_dependencies(/home/oss/b1018262/ROS/ros2-on-wasmer/install/pubsub_wasm/share/colcon-core/packages/pubsub_wasm)
[11.081s] Level 1:colcon.colcon_core.environment:create_environment_scripts_only(pubsub_wasm)
[11.086s] Level 1:colcon.colcon_core.environment:checking '/home/oss/b1018262/ROS/ros2-on-wasmer/install/pubsub_wasm' for CMake module files
[11.091s] Level 1:colcon.colcon_core.environment:checking '/home/oss/b1018262/ROS/ros2-on-wasmer/install/pubsub_wasm' for CMake config files
[11.092s] Level 1:colcon.colcon_core.shell:create_environment_hook('pubsub_wasm', 'cmake_prefix_path')
[11.095s] INFO:colcon.colcon_core.shell:Creating environment hook '/home/oss/b1018262/ROS/ros2-on-wasmer/install/pubsub_wasm/share/pubsub_wasm/hook/cmake_prefix_path.ps1'
[11.098s] INFO:colcon.colcon_core.shell:Creating environment descriptor '/home/oss/b1018262/ROS/ros2-on-wasmer/install/pubsub_wasm/share/pubsub_wasm/hook/cmake_prefix_path.dsv'
[11.100s] INFO:colcon.colcon_core.shell:Creating environment hook '/home/oss/b1018262/ROS/ros2-on-wasmer/install/pubsub_wasm/share/pubsub_wasm/hook/cmake_prefix_path.sh'
[11.103s] Level 1:colcon.colcon_core.environment:checking '/home/oss/b1018262/ROS/ros2-on-wasmer/install/pubsub_wasm/lib'
[11.104s] Level 1:colcon.colcon_core.environment:checking '/home/oss/b1018262/ROS/ros2-on-wasmer/install/pubsub_wasm/bin'
[11.104s] Level 1:colcon.colcon_core.environment:checking '/home/oss/b1018262/ROS/ros2-on-wasmer/install/pubsub_wasm/lib/pkgconfig/pubsub_wasm.pc'
[11.105s] Level 1:colcon.colcon_core.environment:checking '/home/oss/b1018262/ROS/ros2-on-wasmer/install/pubsub_wasm/lib/python3.6/site-packages'
[11.108s] INFO:colcon.colcon_core.shell:Creating package script '/home/oss/b1018262/ROS/ros2-on-wasmer/install/pubsub_wasm/share/pubsub_wasm/package.ps1'
[11.110s] INFO:colcon.colcon_core.shell:Creating package descriptor '/home/oss/b1018262/ROS/ros2-on-wasmer/install/pubsub_wasm/share/pubsub_wasm/package.dsv'
[11.113s] INFO:colcon.colcon_core.shell:Creating package script '/home/oss/b1018262/ROS/ros2-on-wasmer/install/pubsub_wasm/share/pubsub_wasm/package.sh'
[11.115s] INFO:colcon.colcon_core.shell:Creating package script '/home/oss/b1018262/ROS/ros2-on-wasmer/install/pubsub_wasm/share/pubsub_wasm/package.bash'
[11.116s] INFO:colcon.colcon_core.shell:Creating package script '/home/oss/b1018262/ROS/ros2-on-wasmer/install/pubsub_wasm/share/pubsub_wasm/package.zsh'
[11.118s] Level 1:colcon.colcon_core.environment:create_file_with_runtime_dependencies(/home/oss/b1018262/ROS/ros2-on-wasmer/install/pubsub_wasm/share/colcon-core/packages/pubsub_wasm)
[11.119s] DEBUG:colcon.colcon_parallel_executor.executor.parallel:closing loop
[11.122s] DEBUG:colcon.colcon_parallel_executor.executor.parallel:loop closed
[11.122s] DEBUG:colcon.colcon_parallel_executor.executor.parallel:run_until_complete finished with '0'
[11.122s] DEBUG:colcon.colcon_core.event_reactor:joining thread
[11.148s] INFO:colcon.colcon_core.plugin_system:Skipping extension 'colcon_notification.desktop_notification.terminal_notifier': Not used on non-Darwin systems
[11.148s] INFO:colcon.colcon_core.plugin_system:Skipping extension 'colcon_notification.desktop_notification.win32': Not used on non-Windows systems
[11.148s] INFO:colcon.colcon_notification.desktop_notification:Sending desktop notification using 'notify2'
[11.183s] DEBUG:colcon.colcon_notification.desktop_notification.notify2:Failed to initialize notify2: org.freedesktop.DBus.Error.Spawn.ChildExited: Process org.freedesktop.Notifications exited with status 1
[11.184s] DEBUG:colcon.colcon_core.event_reactor:joined thread
[11.188s] INFO:colcon.colcon_core.shell:Creating prefix script '/home/oss/b1018262/ROS/ros2-on-wasmer/install/local_setup.ps1'
[11.194s] INFO:colcon.colcon_core.shell:Creating prefix util module '/home/oss/b1018262/ROS/ros2-on-wasmer/install/_local_setup_util_ps1.py'
[11.204s] INFO:colcon.colcon_core.shell:Creating prefix chain script '/home/oss/b1018262/ROS/ros2-on-wasmer/install/setup.ps1'
[11.218s] INFO:colcon.colcon_core.shell:Creating prefix script '/home/oss/b1018262/ROS/ros2-on-wasmer/install/local_setup.sh'
[11.221s] INFO:colcon.colcon_core.shell:Creating prefix util module '/home/oss/b1018262/ROS/ros2-on-wasmer/install/_local_setup_util_sh.py'
[11.223s] INFO:colcon.colcon_core.shell:Creating prefix chain script '/home/oss/b1018262/ROS/ros2-on-wasmer/install/setup.sh'
[11.238s] INFO:colcon.colcon_core.shell:Creating prefix script '/home/oss/b1018262/ROS/ros2-on-wasmer/install/local_setup.bash'
[11.241s] INFO:colcon.colcon_core.shell:Creating prefix chain script '/home/oss/b1018262/ROS/ros2-on-wasmer/install/setup.bash'
[11.256s] INFO:colcon.colcon_core.shell:Creating prefix script '/home/oss/b1018262/ROS/ros2-on-wasmer/install/local_setup.zsh'
[11.259s] INFO:colcon.colcon_core.shell:Creating prefix chain script '/home/oss/b1018262/ROS/ros2-on-wasmer/install/setup.zsh'
